[2026-03-14 03:25:27] [INFO] ===========================================================================
[2026-03-14 03:25:27] [INFO] Coworker Task Runner - PowerShell Version
[2026-03-14 03:25:27] [INFO] Started at: 03/14/2026 03:25:27
[2026-03-14 03:25:27] [INFO] Script Log: D:\workspace\Browser4\Browser4-4.6\coworker\tasks\300logs\2026\03\14\032527-coworker.log
[2026-03-14 03:25:27] [INFO] ==========================================================================
[2026-03-14 03:25:27] [INFO] [PREPARE] Task: 1.md
[2026-03-14 03:25:27] [INFO] [PREPARE] Task: 2.md
[2026-03-14 03:25:27] [INFO] [PREPARE] Task: 3.md
[2026-03-14 03:25:27] [INFO] [PREPARE] Task: 4.md
[2026-03-14 03:25:27] [INFO] [PREPARE] Task: 5.md
[2026-03-14 03:25:27] [INFO] [PREPARE] Task: README.md
[2026-03-14 03:25:27] [INFO] [PREPARE] Task: README.zh.md
[2026-03-14 03:25:27] [INFO] Task moved to pushed: D:\workspace\Browser4\Browser4-4.6\coworker\tasks\6git-pushed\2026\0314\review-aria-snapshot-calculation.md
[2026-03-14 03:25:27] [INFO] Executing commit script for approved tasks...
[2026-03-14 03:27:12] [INFO] Git sync executed successfully.
[2026-03-14 03:27:12] [INFO] [PUSHED] Task: clear-coworker-logs.md (updated 03/12/2026 13:37:19)
[2026-03-14 03:27:12] [INFO] [PUSHED] Task: fix-anchor-target-attribute.md (updated 03/14/2026 00:27:43)
[2026-03-14 03:27:12] [INFO] [PUSHED] Task: fix-browser4launcher-classpath.md (updated 03/13/2026 14:38:16)
[2026-03-14 03:27:12] [INFO] [PUSHED] Task: fix-snapshot-service-e2e-tests.md (updated 03/13/2026 15:42:49)
[2026-03-14 03:27:12] [INFO] [PUSHED] Task: review-aria-snapshot-calculation.md (updated 03/14/2026 01:01:04)
[2026-03-14 03:27:12] [INFO] ===========================================================================
[2026-03-14 03:27:12] [INFO] All tasks completed
[2026-03-14 03:27:12] [INFO] Ended at: 03/14/2026 03:27:12
[2026-03-14 03:27:12] [INFO] Script Log: D:\workspace\Browser4\Browser4-4.6\coworker\tasks\300logs\2026\03\14\032527-coworker.log
[2026-03-14 03:27:12] [INFO] ==========================================================================
