[2026-03-14 05:05:14] [INFO] ===========================================================================
[2026-03-14 05:05:14] [INFO] Coworker Task Runner - PowerShell Version
[2026-03-14 05:05:14] [INFO] Started at: 03/14/2026 05:05:14
[2026-03-14 05:05:14] [INFO] Script Log: D:\workspace\Browser4\Browser4-4.6\coworker\tasks\300logs\2026\03\14\050514-coworker.log
[2026-03-14 05:05:14] [INFO] ==========================================================================
[2026-03-14 05:05:15] [INFO] [PREPARE] Task: 1.md
[2026-03-14 05:05:15] [INFO] [PREPARE] Task: 2.md
[2026-03-14 05:05:15] [INFO] [PREPARE] Task: 3.md
[2026-03-14 05:05:15] [INFO] [PREPARE] Task: 4.md
[2026-03-14 05:05:15] [INFO] [PREPARE] Task: 5.md
[2026-03-14 05:05:15] [INFO] [PREPARE] Task: README.md
[2026-03-14 05:05:15] [INFO] [PREPARE] Task: README.zh.md
[2026-03-14 05:05:15] [INFO] Task moved to pushed: D:\workspace\Browser4\Browser4-4.6\coworker\tasks\6git-pushed\2026\0314\comment-domstatebuilder-node-types.md
[2026-03-14 05:05:15] [INFO] Executing commit script for approved tasks...
[2026-03-14 05:06:37] [INFO] Git sync executed successfully.
[2026-03-14 05:06:37] [INFO] [PUSHED] Task: clear-coworker-logs.md (updated 03/12/2026 13:37:19)
[2026-03-14 05:06:37] [INFO] [PUSHED] Task: fix-anchor-target-attribute.md (updated 03/14/2026 00:27:43)
[2026-03-14 05:06:38] [INFO] [PUSHED] Task: fix-browser4launcher-classpath.md (updated 03/13/2026 14:38:16)
[2026-03-14 05:06:38] [INFO] [PUSHED] Task: fix-snapshot-service-e2e-tests.md (updated 03/13/2026 15:42:49)
[2026-03-14 05:06:38] [INFO] [PUSHED] Task: comment-domstatebuilder-node-types.md (updated 03/14/2026 12:45:55)
[2026-03-14 05:06:38] [INFO] [PUSHED] Task: review-aria-snapshot-calculation.md (updated 03/14/2026 01:01:04)
[2026-03-14 05:06:38] [INFO] ===========================================================================
[2026-03-14 05:06:38] [INFO] All tasks completed
[2026-03-14 05:06:38] [INFO] Ended at: 03/14/2026 05:06:38
[2026-03-14 05:06:38] [INFO] Script Log: D:\workspace\Browser4\Browser4-4.6\coworker\tasks\300logs\2026\03\14\050514-coworker.log
[2026-03-14 05:06:38] [INFO] ==========================================================================
